[debug] [2021-04-12T12:19:25.397Z] ----------------------------------------------------------------------
[debug] [2021-04-12T12:19:25.399Z] Command:       /usr/local/bin/node /Users/eco/.npm-global/bin/firebase init
[debug] [2021-04-12T12:19:25.399Z] CLI Version:   9.6.1
[debug] [2021-04-12T12:19:25.399Z] Platform:      darwin
[debug] [2021-04-12T12:19:25.399Z] Node Version:  v14.16.0
[debug] [2021-04-12T12:19:25.400Z] Time:          Mon Apr 12 2021 21:19:25 GMT+0900 (Korean Standard Time)
[debug] [2021-04-12T12:19:25.400Z] ----------------------------------------------------------------------
[debug] [2021-04-12T12:19:25.400Z] 
[debug] [2021-04-12T12:19:25.405Z] > command requires scopes: ["email","openid","https://www.googleapis.com/auth/cloudplatformprojects.readonly","https://www.googleapis.com/auth/firebase","https://www.googleapis.com/auth/cloud-platform"]
[debug] [2021-04-12T12:19:25.405Z] > authorizing via signed-in user
[info] 
     ######## #### ########  ######## ########     ###     ######  ########
     ##        ##  ##     ## ##       ##     ##  ##   ##  ##       ##
     ######    ##  ########  ######   ########  #########  ######  ######
     ##        ##  ##    ##  ##       ##     ## ##     ##       ## ##
     ##       #### ##     ## ######## ########  ##     ##  ######  ########

You're about to initialize a Firebase project in this directory:

  /Users/eco/vscode/ejntest/product

[info] 
=== Project Setup
[info] 
[info] First, let's associate this project directory with a Firebase project.
[info] You can create multiple project aliases by running firebase use --add, 
[info] but for now we'll just set up a default project.
[info] 
[debug] [2021-04-12T12:34:25.243Z] > refreshing access token with scopes: []
[debug] [2021-04-12T12:34:25.244Z] >>> HTTP REQUEST POST https://www.googleapis.com/oauth2/v3/token  
 <request body omitted>
[debug] [2021-04-12T12:34:25.537Z] <<< HTTP RESPONSE 200 {"date":"Mon, 12 Apr 2021 12:34:25 GMT","pragma":"no-cache","cache-control":"no-cache, no-store, max-age=0, must-revalidate","expires":"Mon, 01 Jan 1990 00:00:00 GMT","content-type":"application/json; charset=utf-8","vary":"X-Origin, Referer, Origin,Accept-Encoding","server":"scaffolding on HTTPServer2","x-xss-protection":"0","x-frame-options":"SAMEORIGIN","x-content-type-options":"nosniff","alt-svc":"h3-29=\":443\"; ma=2592000,h3-T051=\":443\"; ma=2592000,h3-Q050=\":443\"; ma=2592000,h3-Q046=\":443\"; ma=2592000,h3-Q043=\":443\"; ma=2592000,quic=\":443\"; ma=2592000; v=\"46,43\"","accept-ranges":"none","transfer-encoding":"chunked"}
[debug] [2021-04-12T12:34:25.565Z] >>> [apiv2][query] GET https://firebase.googleapis.com/v1beta1/projects pageSize=100
[debug] [2021-04-12T12:34:26.185Z] <<< [apiv2][status] GET https://firebase.googleapis.com/v1beta1/projects 200
[debug] [2021-04-12T12:34:26.186Z] <<< [apiv2][body] GET https://firebase.googleapis.com/v1beta1/projects [omitted]
[info] i  Using project eco-portfolio (pofol) 
[info] 
=== Hosting Setup
[info] 
[info] Your public directory is the folder (relative to your project directory) that
[info] will contain Hosting assets to be uploaded with firebase deploy. If you
[info] have a build process for your assets, use your build's output directory.
[info] 
